==============================================================================
MyAvia TestSuite WebApp                                                       
==============================================================================
MyAvia TestSuite WebApp.Login                                                 
==============================================================================
logon to portal for valid user                                        | PASS |
------------------------------------------------------------------------------
logon to portal for no credentials                                    | PASS |
------------------------------------------------------------------------------
logon to portal for invalid user                                      | PASS |
------------------------------------------------------------------------------
logon to portal for invalid password                                  | PASS |
------------------------------------------------------------------------------
MyAvia TestSuite WebApp.Login                                         | PASS |
4 tests, 4 passed, 0 failed
==============================================================================
MyAvia TestSuite WebApp                                               | PASS |
4 tests, 4 passed, 0 failed
==============================================================================
Output:  /Users/apple/WorkSpace/ROBOTFrameWORK/results/pabot_results/1/0/output.xml
